<?xml version="1.0" encoding="UTF-8"?>
<testng-results ignored="0" total="1" passed="1" failed="0" skipped="0">
  <reporter-output>
  </reporter-output>
  <suite started-at="2024-01-08T00:27:28 IST" name="BankdAutomationApp" finished-at="2024-01-08T00:27:38 IST" duration-ms="9943">
    <groups>
    </groups>
    <test started-at="2024-01-08T00:27:28 IST" name="BankApplication" finished-at="2024-01-08T00:27:38 IST" duration-ms="9943">
      <class name="com.BankApplication.testCases.TC_LoginTest_001">
        <test-method is-config="true" signature="setup()[pri:0, instance:com.BankApplication.testCases.TC_LoginTest_001@589b3632]" started-at="2024-01-08T00:27:29 IST" name="setup" finished-at="2024-01-08T00:27:31 IST" duration-ms="2803" status="PASS">
          <reporter-output>
          </reporter-output>
        </test-method> <!-- setup -->
        <test-method signature="loginTest()[pri:0, instance:com.BankApplication.testCases.TC_LoginTest_001@589b3632]" started-at="2024-01-08T00:27:31 IST" name="loginTest" finished-at="2024-01-08T00:27:38 IST" duration-ms="6295" status="PASS">
          <reporter-output>
          </reporter-output>
        </test-method> <!-- loginTest -->
        <test-method is-config="true" signature="teardown()[pri:0, instance:com.BankApplication.testCases.TC_LoginTest_001@589b3632]" started-at="2024-01-08T00:27:38 IST" name="teardown" finished-at="2024-01-08T00:27:38 IST" duration-ms="315" status="PASS">
          <reporter-output>
          </reporter-output>
        </test-method> <!-- teardown -->
      </class> <!-- com.BankApplication.testCases.TC_LoginTest_001 -->
    </test> <!-- BankApplication -->
  </suite> <!-- BankdAutomationApp -->
</testng-results>
