<?xml version="1.0" encoding="UTF-8"?>
<testng-results ignored="0" total="1" passed="1" failed="0" skipped="0">
  <reporter-output>
  </reporter-output>
  <suite started-at="2024-01-08T00:20:18 IST" name="BankdAutomationApp" finished-at="2024-01-08T00:20:31 IST" duration-ms="13105">
    <groups>
    </groups>
    <test started-at="2024-01-08T00:20:18 IST" name="BankApplication" finished-at="2024-01-08T00:20:31 IST" duration-ms="13105">
      <class name="com.BankApplication.testCases.TC_LoginTest_001">
        <test-method is-config="true" signature="setup()[pri:0, instance:com.BankApplication.testCases.TC_LoginTest_001@52719fb6]" started-at="2024-01-08T00:20:18 IST" name="setup" finished-at="2024-01-08T00:20:23 IST" duration-ms="4391" status="PASS">
          <reporter-output>
          </reporter-output>
        </test-method> <!-- setup -->
        <test-method signature="loginTest()[pri:0, instance:com.BankApplication.testCases.TC_LoginTest_001@52719fb6]" started-at="2024-01-08T00:20:23 IST" name="loginTest" finished-at="2024-01-08T00:20:31 IST" duration-ms="7833" status="PASS">
          <reporter-output>
          </reporter-output>
        </test-method> <!-- loginTest -->
        <test-method is-config="true" signature="teardown()[pri:0, instance:com.BankApplication.testCases.TC_LoginTest_001@52719fb6]" started-at="2024-01-08T00:20:31 IST" name="teardown" finished-at="2024-01-08T00:20:31 IST" duration-ms="280" status="PASS">
          <reporter-output>
          </reporter-output>
        </test-method> <!-- teardown -->
      </class> <!-- com.BankApplication.testCases.TC_LoginTest_001 -->
    </test> <!-- BankApplication -->
  </suite> <!-- BankdAutomationApp -->
</testng-results>
